  [1m[36m (2.0ms)[0m  [1mCREATE TABLE "schema_migrations" ("version" varchar(255) NOT NULL) [0m
  [1m[35m (1.4ms)[0m  CREATE UNIQUE INDEX "unique_schema_migrations" ON "schema_migrations" ("version")
  [1m[36mActiveRecord::SchemaMigration Load (0.1ms)[0m  [1mSELECT "schema_migrations".* FROM "schema_migrations"[0m
  [1m[36m (1.8ms)[0m  [1mCREATE TABLE "schema_migrations" ("version" varchar(255) NOT NULL) [0m
  [1m[35m (1.3ms)[0m  CREATE UNIQUE INDEX "unique_schema_migrations" ON "schema_migrations" ("version")
  [1m[36m (0.1ms)[0m  [1mSELECT version FROM "schema_migrations"[0m
  [1m[35m (1.2ms)[0m  INSERT INTO "schema_migrations" (version) VALUES ('0')
  [1m[36mActiveRecord::SchemaMigration Load (0.3ms)[0m  [1mSELECT "schema_migrations".* FROM "schema_migrations"[0m
Migrating to CreateSimpleHashtagHashtags (20131004085836)
  [1m[35m (0.0ms)[0m  begin transaction
  [1m[36m (0.4ms)[0m  [1mCREATE TABLE "simple_hashtag_hashtags" ("id" INTEGER PRIMARY KEY AUTOINCREMENT NOT NULL, "name" varchar(255), "created_at" datetime, "updated_at" datetime) [0m
  [1m[35mSQL (0.1ms)[0m  INSERT INTO "schema_migrations" ("version") VALUES (?)  [["version", "20131004085836"]]
  [1m[36m (1.8ms)[0m  [1mcommit transaction[0m
Migrating to CreateSimpleHashtagHashtaggings (20131004085907)
  [1m[35m (0.1ms)[0m  begin transaction
  [1m[36m (0.3ms)[0m  [1mCREATE TABLE "simple_hashtag_hashtaggings" ("id" INTEGER PRIMARY KEY AUTOINCREMENT NOT NULL, "hashtag_id" integer, "hashtaggable_id" integer, "hashtaggable_type" varchar(255)) [0m
  [1m[35m (0.1ms)[0m  CREATE INDEX "index_simple_hashtag_hashtaggings_on_hashtag_id" ON "simple_hashtag_hashtaggings" ("hashtag_id")
  [1m[36m (0.1ms)[0m  [1mCREATE INDEX "index_hashtaggings_hashtaggable_id_hashtaggable_type" ON "simple_hashtag_hashtaggings" ("hashtaggable_id", "hashtaggable_type")[0m
  [1m[35mSQL (0.1ms)[0m  INSERT INTO "schema_migrations" ("version") VALUES (?)  [["version", "20131004085907"]]
  [1m[36m (1.0ms)[0m  [1mcommit transaction[0m
  [1m[35mActiveRecord::SchemaMigration Load (0.1ms)[0m  SELECT "schema_migrations".* FROM "schema_migrations"
  [1m[36m (1.4ms)[0m  [1mCREATE TABLE "simple_hashtag_hashtaggings" ("id" INTEGER PRIMARY KEY AUTOINCREMENT NOT NULL, "hashtag_id" integer, "hashtaggable_id" integer, "hashtaggable_type" varchar(255)) [0m
  [1m[35m (1.4ms)[0m  CREATE INDEX "index_simple_hashtag_hashtaggings_on_hashtag_id" ON "simple_hashtag_hashtaggings" ("hashtag_id")
  [1m[36m (1.2ms)[0m  [1mCREATE INDEX "index_hashtaggings_hashtaggable_id_hashtaggable_type" ON "simple_hashtag_hashtaggings" ("hashtaggable_id", "hashtaggable_type")[0m
  [1m[35m (1.0ms)[0m  CREATE TABLE "simple_hashtag_hashtags" ("id" INTEGER PRIMARY KEY AUTOINCREMENT NOT NULL, "name" varchar(255), "created_at" datetime, "updated_at" datetime) 
  [1m[36m (0.9ms)[0m  [1mCREATE TABLE "schema_migrations" ("version" varchar(255) NOT NULL) [0m
  [1m[35m (0.9ms)[0m  CREATE UNIQUE INDEX "unique_schema_migrations" ON "schema_migrations" ("version")
  [1m[36m (0.1ms)[0m  [1mSELECT version FROM "schema_migrations"[0m
  [1m[35m (0.9ms)[0m  INSERT INTO "schema_migrations" (version) VALUES ('20131004085907')
  [1m[36m (0.7ms)[0m  [1mINSERT INTO "schema_migrations" (version) VALUES ('20131004085836')[0m
  [1m[36m (2.1ms)[0m  [1mCREATE TABLE "simple_hashtag_hashtaggings" ("id" INTEGER PRIMARY KEY AUTOINCREMENT NOT NULL, "hashtag_id" integer, "hashtaggable_id" integer, "hashtaggable_type" varchar(255)) [0m
  [1m[35m (1.4ms)[0m  CREATE INDEX "index_simple_hashtag_hashtaggings_on_hashtag_id" ON "simple_hashtag_hashtaggings" ("hashtag_id")
  [1m[36m (1.3ms)[0m  [1mCREATE INDEX "index_hashtaggings_hashtaggable_id_hashtaggable_type" ON "simple_hashtag_hashtaggings" ("hashtaggable_id", "hashtaggable_type")[0m
  [1m[35m (1.3ms)[0m  CREATE TABLE "simple_hashtag_hashtags" ("id" INTEGER PRIMARY KEY AUTOINCREMENT NOT NULL, "name" varchar(255), "created_at" datetime, "updated_at" datetime) 
  [1m[36m (1.0ms)[0m  [1mCREATE TABLE "schema_migrations" ("version" varchar(255) NOT NULL) [0m
  [1m[35m (0.9ms)[0m  CREATE UNIQUE INDEX "unique_schema_migrations" ON "schema_migrations" ("version")
  [1m[36m (0.2ms)[0m  [1mSELECT version FROM "schema_migrations"[0m
  [1m[35m (1.0ms)[0m  INSERT INTO "schema_migrations" (version) VALUES ('20131004085907')
  [1m[36m (1.1ms)[0m  [1mINSERT INTO "schema_migrations" (version) VALUES ('20131004085836')[0m
  [1m[36mSimpleHashtag::Hashtag Load (0.2ms)[0m  [1mSELECT "hashtags".* FROM "hashtags" ORDER BY "hashtags"."id" DESC LIMIT 1[0m
SQLite3::SQLException: no such table: hashtags: SELECT  "hashtags".* FROM "hashtags"   ORDER BY "hashtags"."id" DESC LIMIT 1
  [1m[36mSimpleHashtag::Hashtag Load (0.2ms)[0m  [1mSELECT "hashtags".* FROM "hashtags" ORDER BY "hashtags"."id" DESC LIMIT 1[0m
SQLite3::SQLException: no such table: hashtags: SELECT  "hashtags".* FROM "hashtags"   ORDER BY "hashtags"."id" DESC LIMIT 1
  [1m[36mActiveRecord::SchemaMigration Load (0.5ms)[0m  [1mSELECT "schema_migrations".* FROM "schema_migrations"[0m
Migrating to CreatePosts (20130919041824)
  [1m[35m (0.1ms)[0m  begin transaction
  [1m[36m (0.3ms)[0m  [1mCREATE TABLE "posts" ("id" INTEGER PRIMARY KEY AUTOINCREMENT NOT NULL, "body" text, "created_at" datetime, "updated_at" datetime) [0m
  [1m[35mSQL (0.2ms)[0m  INSERT INTO "schema_migrations" ("version") VALUES (?)  [["version", "20130919041824"]]
  [1m[36m (0.8ms)[0m  [1mcommit transaction[0m
  [1m[35mActiveRecord::SchemaMigration Load (0.1ms)[0m  SELECT "schema_migrations".* FROM "schema_migrations"
  [1m[36m (0.9ms)[0m  [1mCREATE TABLE "posts" ("id" INTEGER PRIMARY KEY AUTOINCREMENT NOT NULL, "body" text, "created_at" datetime, "updated_at" datetime) [0m
  [1m[35m (0.9ms)[0m  CREATE TABLE "simple_hashtag_hashtaggings" ("id" INTEGER PRIMARY KEY AUTOINCREMENT NOT NULL, "hashtag_id" integer, "hashtaggable_id" integer, "hashtaggable_type" varchar(255)) 
  [1m[36m (0.8ms)[0m  [1mCREATE INDEX "index_simple_hashtag_hashtaggings_on_hashtag_id" ON "simple_hashtag_hashtaggings" ("hashtag_id")[0m
  [1m[35m (0.9ms)[0m  CREATE INDEX "index_hashtaggings_hashtaggable_id_hashtaggable_type" ON "simple_hashtag_hashtaggings" ("hashtaggable_id", "hashtaggable_type")
  [1m[36m (0.9ms)[0m  [1mCREATE TABLE "simple_hashtag_hashtags" ("id" INTEGER PRIMARY KEY AUTOINCREMENT NOT NULL, "name" varchar(255), "created_at" datetime, "updated_at" datetime) [0m
  [1m[35m (0.8ms)[0m  CREATE TABLE "schema_migrations" ("version" varchar(255) NOT NULL) 
  [1m[36m (0.8ms)[0m  [1mCREATE UNIQUE INDEX "unique_schema_migrations" ON "schema_migrations" ("version")[0m
  [1m[35m (0.1ms)[0m  SELECT version FROM "schema_migrations"
  [1m[36m (1.0ms)[0m  [1mINSERT INTO "schema_migrations" (version) VALUES ('20131004085907')[0m
  [1m[35m (0.7ms)[0m  INSERT INTO "schema_migrations" (version) VALUES ('20130919041824')
  [1m[36m (0.7ms)[0m  [1mINSERT INTO "schema_migrations" (version) VALUES ('20131004085836')[0m
  [1m[36m (1.4ms)[0m  [1mCREATE TABLE "posts" ("id" INTEGER PRIMARY KEY AUTOINCREMENT NOT NULL, "body" text, "created_at" datetime, "updated_at" datetime) [0m
  [1m[35m (1.3ms)[0m  CREATE TABLE "simple_hashtag_hashtaggings" ("id" INTEGER PRIMARY KEY AUTOINCREMENT NOT NULL, "hashtag_id" integer, "hashtaggable_id" integer, "hashtaggable_type" varchar(255)) 
  [1m[36m (1.2ms)[0m  [1mCREATE INDEX "index_simple_hashtag_hashtaggings_on_hashtag_id" ON "simple_hashtag_hashtaggings" ("hashtag_id")[0m
  [1m[35m (0.9ms)[0m  CREATE INDEX "index_hashtaggings_hashtaggable_id_hashtaggable_type" ON "simple_hashtag_hashtaggings" ("hashtaggable_id", "hashtaggable_type")
  [1m[36m (0.8ms)[0m  [1mCREATE TABLE "simple_hashtag_hashtags" ("id" INTEGER PRIMARY KEY AUTOINCREMENT NOT NULL, "name" varchar(255), "created_at" datetime, "updated_at" datetime) [0m
  [1m[35m (0.9ms)[0m  CREATE TABLE "schema_migrations" ("version" varchar(255) NOT NULL) 
  [1m[36m (1.1ms)[0m  [1mCREATE UNIQUE INDEX "unique_schema_migrations" ON "schema_migrations" ("version")[0m
  [1m[35m (0.1ms)[0m  SELECT version FROM "schema_migrations"
  [1m[36m (0.8ms)[0m  [1mINSERT INTO "schema_migrations" (version) VALUES ('20131004085907')[0m
  [1m[35m (1.1ms)[0m  INSERT INTO "schema_migrations" (version) VALUES ('20130919041824')
  [1m[36m (0.9ms)[0m  [1mINSERT INTO "schema_migrations" (version) VALUES ('20131004085836')[0m
  [1m[36mActiveRecord::SchemaMigration Load (0.1ms)[0m  [1mSELECT "schema_migrations".* FROM "schema_migrations"[0m
Migrating to CreatePictures (20130919041825)
  [1m[35m (0.1ms)[0m  begin transaction
  [1m[36m (0.4ms)[0m  [1mCREATE TABLE "pictures" ("id" INTEGER PRIMARY KEY AUTOINCREMENT NOT NULL, "caption" text, "created_at" datetime, "updated_at" datetime) [0m
  [1m[35mSQL (0.1ms)[0m  INSERT INTO "schema_migrations" ("version") VALUES (?)  [["version", "20130919041825"]]
  [1m[36m (1.0ms)[0m  [1mcommit transaction[0m
  [1m[35mActiveRecord::SchemaMigration Load (0.1ms)[0m  SELECT "schema_migrations".* FROM "schema_migrations"
  [1m[36m (1.2ms)[0m  [1mCREATE TABLE "pictures" ("id" INTEGER PRIMARY KEY AUTOINCREMENT NOT NULL, "caption" text, "created_at" datetime, "updated_at" datetime) [0m
  [1m[35m (1.2ms)[0m  CREATE TABLE "posts" ("id" INTEGER PRIMARY KEY AUTOINCREMENT NOT NULL, "body" text, "created_at" datetime, "updated_at" datetime) 
  [1m[36m (1.2ms)[0m  [1mCREATE TABLE "simple_hashtag_hashtaggings" ("id" INTEGER PRIMARY KEY AUTOINCREMENT NOT NULL, "hashtag_id" integer, "hashtaggable_id" integer, "hashtaggable_type" varchar(255)) [0m
  [1m[35m (1.1ms)[0m  CREATE INDEX "index_simple_hashtag_hashtaggings_on_hashtag_id" ON "simple_hashtag_hashtaggings" ("hashtag_id")
  [1m[36m (0.9ms)[0m  [1mCREATE INDEX "index_hashtaggings_hashtaggable_id_hashtaggable_type" ON "simple_hashtag_hashtaggings" ("hashtaggable_id", "hashtaggable_type")[0m
  [1m[35m (0.9ms)[0m  CREATE TABLE "simple_hashtag_hashtags" ("id" INTEGER PRIMARY KEY AUTOINCREMENT NOT NULL, "name" varchar(255), "created_at" datetime, "updated_at" datetime) 
  [1m[36m (1.0ms)[0m  [1mCREATE TABLE "schema_migrations" ("version" varchar(255) NOT NULL) [0m
  [1m[35m (0.9ms)[0m  CREATE UNIQUE INDEX "unique_schema_migrations" ON "schema_migrations" ("version")
  [1m[36m (0.1ms)[0m  [1mSELECT version FROM "schema_migrations"[0m
  [1m[35m (0.7ms)[0m  INSERT INTO "schema_migrations" (version) VALUES ('20131004085907')
  [1m[36m (0.8ms)[0m  [1mINSERT INTO "schema_migrations" (version) VALUES ('20130919041824')[0m
  [1m[35m (0.8ms)[0m  INSERT INTO "schema_migrations" (version) VALUES ('20130919041825')
  [1m[36m (0.7ms)[0m  [1mINSERT INTO "schema_migrations" (version) VALUES ('20131004085836')[0m
